running egg_info
writing ../../build/turtlesim_draw/turtlesim_draw.egg-info/PKG-INFO
writing dependency_links to ../../build/turtlesim_draw/turtlesim_draw.egg-info/dependency_links.txt
writing entry points to ../../build/turtlesim_draw/turtlesim_draw.egg-info/entry_points.txt
writing requirements to ../../build/turtlesim_draw/turtlesim_draw.egg-info/requires.txt
writing top-level names to ../../build/turtlesim_draw/turtlesim_draw.egg-info/top_level.txt
reading manifest file '../../build/turtlesim_draw/turtlesim_draw.egg-info/SOURCES.txt'
writing manifest file '../../build/turtlesim_draw/turtlesim_draw.egg-info/SOURCES.txt'
running build
running build_py
copying turtlesim_draw/turtlesim.py -> /home/nambiar/task_ws/build/turtlesim_draw/build/lib/turtlesim_draw
running install
running install_lib
copying /home/nambiar/task_ws/build/turtlesim_draw/build/lib/turtlesim_draw/turtlesim.py -> /home/nambiar/task_ws/install/turtlesim_draw/lib/python3.10/site-packages/turtlesim_draw
byte-compiling /home/nambiar/task_ws/install/turtlesim_draw/lib/python3.10/site-packages/turtlesim_draw/turtlesim.py to turtlesim.cpython-310.pyc
running install_data
running install_egg_info
removing '/home/nambiar/task_ws/install/turtlesim_draw/lib/python3.10/site-packages/turtlesim_draw-0.0.0-py3.10.egg-info' (and everything under it)
Copying ../../build/turtlesim_draw/turtlesim_draw.egg-info to /home/nambiar/task_ws/install/turtlesim_draw/lib/python3.10/site-packages/turtlesim_draw-0.0.0-py3.10.egg-info
running install_scripts
Installing turtlesim_draw script to /home/nambiar/task_ws/install/turtlesim_draw/lib/turtlesim_draw
writing list of installed files to '/home/nambiar/task_ws/build/turtlesim_draw/install.log'
