[0.610s] Invoking command in '/home/nambiar/task_ws/src/turtlesim_draw': PYTHONPATH=/home/nambiar/task_ws/build/turtlesim_draw/prefix_override:/usr/lib/python3/dist-packages/colcon_core/task/python/colcon_distutils_commands:/home/nambiar/task_ws/install/turtlesim_draw/lib/python3.10/site-packages:${PYTHONPATH} /usr/bin/python3 -W ignore:setup.py install is deprecated -W ignore:easy_install command is deprecated setup.py egg_info --egg-base ../../build/turtlesim_draw build --build-base /home/nambiar/task_ws/build/turtlesim_draw/build install --record /home/nambiar/task_ws/build/turtlesim_draw/install.log --single-version-externally-managed install_data
[0.801s] running egg_info
[0.801s] creating ../../build/turtlesim_draw/turtlesim_draw.egg-info
[0.801s] writing ../../build/turtlesim_draw/turtlesim_draw.egg-info/PKG-INFO
[0.802s] writing dependency_links to ../../build/turtlesim_draw/turtlesim_draw.egg-info/dependency_links.txt
[0.802s] writing entry points to ../../build/turtlesim_draw/turtlesim_draw.egg-info/entry_points.txt
[0.802s] writing requirements to ../../build/turtlesim_draw/turtlesim_draw.egg-info/requires.txt
[0.802s] writing top-level names to ../../build/turtlesim_draw/turtlesim_draw.egg-info/top_level.txt
[0.802s] writing manifest file '../../build/turtlesim_draw/turtlesim_draw.egg-info/SOURCES.txt'
[0.803s] reading manifest file '../../build/turtlesim_draw/turtlesim_draw.egg-info/SOURCES.txt'
[0.804s] writing manifest file '../../build/turtlesim_draw/turtlesim_draw.egg-info/SOURCES.txt'
[0.804s] running build
[0.804s] running build_py
[0.804s] creating /home/nambiar/task_ws/build/turtlesim_draw/build
[0.804s] creating /home/nambiar/task_ws/build/turtlesim_draw/build/lib
[0.804s] creating /home/nambiar/task_ws/build/turtlesim_draw/build/lib/turtlesim_draw
[0.804s] copying turtlesim_draw/__init__.py -> /home/nambiar/task_ws/build/turtlesim_draw/build/lib/turtlesim_draw
[0.804s] running install
[0.804s] running install_lib
[0.805s] creating /home/nambiar/task_ws/install/turtlesim_draw/lib/python3.10/site-packages/turtlesim_draw
[0.805s] copying /home/nambiar/task_ws/build/turtlesim_draw/build/lib/turtlesim_draw/__init__.py -> /home/nambiar/task_ws/install/turtlesim_draw/lib/python3.10/site-packages/turtlesim_draw
[0.805s] byte-compiling /home/nambiar/task_ws/install/turtlesim_draw/lib/python3.10/site-packages/turtlesim_draw/__init__.py to __init__.cpython-310.pyc
[0.805s] running install_data
[0.805s] creating /home/nambiar/task_ws/install/turtlesim_draw/share/ament_index
[0.805s] creating /home/nambiar/task_ws/install/turtlesim_draw/share/ament_index/resource_index
[0.805s] creating /home/nambiar/task_ws/install/turtlesim_draw/share/ament_index/resource_index/packages
[0.805s] copying resource/turtlesim_draw -> /home/nambiar/task_ws/install/turtlesim_draw/share/ament_index/resource_index/packages
[0.806s] copying package.xml -> /home/nambiar/task_ws/install/turtlesim_draw/share/turtlesim_draw
[0.806s] running install_egg_info
[0.807s] Copying ../../build/turtlesim_draw/turtlesim_draw.egg-info to /home/nambiar/task_ws/install/turtlesim_draw/lib/python3.10/site-packages/turtlesim_draw-0.0.0-py3.10.egg-info
[0.808s] running install_scripts
[0.822s] writing list of installed files to '/home/nambiar/task_ws/build/turtlesim_draw/install.log'
[0.842s] Invoked command in '/home/nambiar/task_ws/src/turtlesim_draw' returned '0': PYTHONPATH=/home/nambiar/task_ws/build/turtlesim_draw/prefix_override:/usr/lib/python3/dist-packages/colcon_core/task/python/colcon_distutils_commands:/home/nambiar/task_ws/install/turtlesim_draw/lib/python3.10/site-packages:${PYTHONPATH} /usr/bin/python3 -W ignore:setup.py install is deprecated -W ignore:easy_install command is deprecated setup.py egg_info --egg-base ../../build/turtlesim_draw build --build-base /home/nambiar/task_ws/build/turtlesim_draw/build install --record /home/nambiar/task_ws/build/turtlesim_draw/install.log --single-version-externally-managed install_data
